1 	 1918
2 	 1917
3 	 1915
4 	 1913
5 	 1911
6 	 1908
7 	 1905
8 	 1903
9 	 1899
10 	 1896
11 	 1894
12 	 1892
13 	 1890
14 	 1887
15 	 1884
16 	 1883
17 	 1880
18 	 1878
19 	 1874
20 	 1872
21 	 1870
22 	 1868
23 	 1865
24 	 1863
25 	 1861
26 	 1857
27 	 1855
28 	 1853
29 	 1851
30 	 1848
31 	 1845
32 	 1843
33 	 1841
34 	 1839
35 	 1839
36 	 1839
37 	 1839
38 	 1839
39 	 1839
40 	 1839
41 	 1839
42 	 1839
43 	 1839
44 	 1839
45 	 1839
46 	 1839
47 	 1839
48 	 1839
49 	 1839
50 	 1839
51 	 1839
52 	 1839
53 	 1839
54 	 1839
55 	 1839
56 	 1839
57 	 1839
58 	 1839
59 	 1839
60 	 1839
61 	 1839
62 	 1839
63 	 1839
64 	 1839
65 	 1839
66 	 1839
67 	 1839
68 	 1839
69 	 1839
70 	 1839
71 	 1839
72 	 1839
73 	 1839
74 	 1839
75 	 1839
76 	 1839
77 	 1839
78 	 1839
79 	 1839
80 	 1839
81 	 1839
82 	 1839
83 	 1839
84 	 1839
85 	 1839
86 	 1839
87 	 1839
88 	 1839
89 	 1839
90 	 1839
91 	 1839
92 	 1839
93 	 1839
94 	 1839
95 	 1839
96 	 1839
97 	 1839
98 	 1839
99 	 1839
100 	 1839
101 	 1839
102 	 1839
103 	 1839
104 	 1839
105 	 1839
106 	 1839
107 	 1839
108 	 1839
109 	 1839
110 	 1839
111 	 1839
112 	 1839
113 	 1838
114 	 1837
115 	 1835
116 	 1833
117 	 1829
118 	 1827
119	1827
120	1827
121	1827
122	1827
123	1827
124	1827
125	1827
126	1827
127	1827
128	1827
129	1827
130	1827
131	1827
132	1827
133	1827
134	1827
135	1827
136	1827
137	1827
138	1827
139	1827
140	1827
141	1827
142	1827
143	1827
144	1827
145	1827
146	1827
147	1827
148	1827
149	1827
150	1827
151	1827
152	1827
153	1827
154	1827
155	1827
156	1827
157	1827
158	1827
159	1827
160	1827
161	1827
162	1827
163	1827
164	1827
165	1827
166	1827
167	1827
168	1827
169	1827
170	1827
171	1827
172	1827
173	1827
174	1827
175	1827
176	1827
177	1827
178	1827
179	1827
180	1827
