0 	 300
1 	 280
2 	 266
3 	 252
4 	 237
5 	 222
6 	 207
7 	 191
8 	 174
9 	 156
10 	 137
11 	 113
12 	 89
13 	 54
14 	 40
15 	 40
16 	 40
17 	 40
18 	 40
19 	 40
20 	 40
21 	 40
22 	 40
23 	 40
24 	 40
25 	 40
26 	 40
27 	 40
28 	 40
29 	 40
30 	 40
31 	 40
32 	 40
33 	 40
34 	 40
35 	 40
36 	 40
37 	 40
38 	 40
39 	 40
40 	 40
41 	 40
42 	 40
43 	 40
44 	 40
45 	 40
46 	 40
47 	 40
48 	 39
49 	 33
50 	 32
51 	 32
52 	 32
53 	 32
54 	 32
55 	 32
56 	 32
57 	 32
58 	 32
59 	 32
60 	 31
61 	 27
62 	 27
63 	 27
64 	 27
65 	 27
66 	 27
67 	 27
68 	 27
69 	 27
70 	 27
71 	 27
72 	 27
73 	 27
74 	 27
75 	 27
76 	 27
77 	 27
78 	 27
79 	 27
80 	 27
81 	 27
82 	 27
83 	 27
84 	 27
85 	 27
86 	 27
87 	 27
88 	 27
89 	 27
90 	 27
91 	 27
92 	 27
93 	 27
94 	 27
95 	 27
96 	 27
97 	 27
98 	 27
99 	 27
100 	 27
101 	 27
102 	 27
103 	 27
104 	 27
105 	 27
106 	 27
107 	 27
108 	 27
109 	 27
110 	 27
111 	 27
112 	 27
113 	 27
114 	 27
115 	 27
116 	 27
117 	 27
118 	 27
119 	 27
120 	 27
121 	 27
122 	 27
123 	 27
124 	 27
125 	 27
126 	 27
127 	 27
128 	 27
129 	 27
130 	 27
131 	 27
132 	 27
133 	 27
134 	 27
135 	 27
136 	 27
137 	 27
138 	 27
139 	 27
140 	 27
141 	 27
142 	 27
143 	 26
144	25
145	25
146	25
147	25
148	25
149	25
150	25
151	25
152	25
153	25
154	25
155	25
156	25
157	25
158	25
159	25
160	25
161	25
162	25
163	25
164	25
165	25
166	25
167	25
168	25
169	25
170	25
171	25
172	25
173	25
174	25
175	25
176	25
177	25
178	25
179	25
180	25
