0 	 25001207
1 	 761
2	724
3	724
4	724
5	724
6	724
7	724
8	724
9	724
10	724
11	724
12	724
13	724
14	724
15	724
16	724
17	724
18	724
19	724
20	724
21	724
22	724
23	724
24	724
25	724
26	724
27	724
28	724
29	724
30	724
31	724
32	724
33	724
34	724
35	724
36	724
37	724
38	724
39	724
40	724
41	724
42	724
43	724
44	724
45	724
46	724
47	724
48	724
49	724
50	724
51	724
52	724
53	724
54	724
55	724
56	724
57	724
58	724
59	724
60	724
61	724
62	724
63	724
64	724
65	724
66	724
67	724
68	724
69	724
70	724
71	724
72	724
73	724
74	724
75	724
76	724
77	724
78	724
79	724
80	724
81	724
82	724
83	724
84	724
85	724
86	724
87	724
88	724
89	724
90	724
91	724
92	724
93	724
94	724
95	724
96	724
97	724
98	724
99	724
100	724
101	724
102	724
103	724
104	724
105	724
106	724
107	724
108	724
109	724
110	724
111	724
112	724
113	724
114	724
115	724
116	724
117	724
118	724
119	724
120	724
121	724
122	724
123	724
124	724
125	724
126	724
127	724
128	724
129	724
130	724
131	724
132	724
133	724
134	724
135	724
136	724
137	724
138	724
139	724
140	724
141	724
142	724
143	724
144	724
145	724
146	724
147	724
148	724
149	724
150	724
151	724
152	724
153	724
154	724
155	724
156	724
157	724
158	724
159	724
160	724
161	724
162	724
163	724
164	724
165	724
166	724
167	724
168	724
169	724
170	724
171	724
172	724
173	724
174	724
175	724
176	724
177	724
178	724
179	724
180	724
