0 	 1000805
1 	 581
2 	 563
3 	 561
4 	 561
5 	 561
6 	 561
7 	 561
8 	 561
9 	 561
10 	 561
11 	 561
12 	 561
13 	 561
14 	 561
15 	 561
16 	 561
17 	 561
18 	 561
19 	 561
20 	 561
21 	 561
22 	 561
23 	 561
24 	 561
25 	 561
26 	 561
27 	 561
28 	 561
29 	 561
30 	 561
31 	 561
32 	 561
33 	 561
34 	 561
35 	 561
36 	 561
37 	 561
38 	 561
39 	 561
40 	 561
41 	 561
42 	 561
43 	 561
44 	 561
45 	 561
46 	 561
47 	 561
48 	 561
49 	 561
50 	 561
51 	 561
52 	 561
53 	 561
54 	 561
55 	 561
56 	 561
57 	 561
58 	 561
59 	 561
60 	 561
61 	 561
62 	 561
63 	 561
64 	 560
65	560
66	560
67	560
68	560
69	560
70	560
71	560
72	560
73	560
74	560
75	560
76	560
77	560
78	560
79	560
80	560
81	560
82	560
83	560
84	560
85	560
86	560
87	560
88	560
89	560
90	560
91	560
92	560
93	560
94	560
95	560
96	560
97	560
98	560
99	560
100	560
101	560
102	560
103	560
104	560
105	560
106	560
107	560
108	560
109	560
110	560
111	560
112	560
113	560
114	560
115	560
116	560
117	560
118	560
119	560
120	560
121	560
122	560
123	560
124	560
125	560
126	560
127	560
128	560
129	560
130	560
131	560
132	560
133	560
134	560
135	560
136	560
137	560
138	560
139	560
140	560
141	560
142	560
143	560
144	560
145	560
146	560
147	560
148	560
149	560
150	560
151	560
152	560
153	560
154	560
155	560
156	560
157	560
158	560
159	560
160	560
161	560
162	560
163	560
164	560
165	560
166	560
167	560
168	560
169	560
170	560
171	560
172	560
173	560
174	560
175	560
176	560
177	560
178	560
179	560
180	560
