0 	 14639
1 	 14639
2 	 14639
3 	 14639
4 	 14639
5 	 14639
6 	 14639
7 	 14639
8 	 14639
9 	 14639
10 	 14639
11 	 14639
12 	 14639
13 	 14639
14 	 14639
15 	 14639
16 	 14639
17 	 14639
18 	 14639
19 	 14639
20 	 14639
21 	 14639
22 	 14639
23 	 14639
24 	 14639
25 	 14639
26 	 14639
27 	 14639
28 	 14639
29 	 14639
30 	 14639
31 	 14639
32 	 14639
33 	 14639
34 	 14639
35 	 14639
36 	 14639
37 	 14639
38 	 14639
39 	 14639
40 	 14639
41 	 14639
42 	 14639
43 	 14639
44 	 14639
45 	 14639
46 	 14639
47 	 14639
48 	 14639
49 	 651
50 	 651
51 	 651
52 	 651
53 	 651
54 	 651
55 	 651
56 	 651
57 	 651
58 	 651
59 	 651
60 	 651
61 	 651
62 	 651
63 	 651
64 	 651
65 	 651
66 	 651
67 	 651
68 	 651
69 	 651
70 	 651
71 	 651
72 	 651
73 	 651
74 	 651
75 	 647
76 	 647
77 	 647
78 	 647
79 	 647
80 	 647
81 	 647
82 	 647
83 	 647
84 	 641
85 	 641
86 	 641
87 	 641
88 	 641
89 	 641
90 	 633
91 	 633
92 	 633
93 	 633
94 	 633
95 	 633
96 	 633
97 	 633
98 	 633
99 	 633
100 	 633
101 	 633
102 	 633
103 	 633
104 	 633
105 	 630
106 	 630
107 	 630
108 	 630
109 	 630
110 	 630
111 	 630
112 	 630
113 	 630
114 	 630
115 	 630
116 	 630
117 	 615
118 	 615
119 	 615
120 	 615
121 	 615
122 	 615
123 	 615
124 	 615
125 	 615
126 	 615
127 	 615
128 	 615
129 	 615
130 	 615
131 	 615
132 	 615
133 	 615
134 	 615
135 	 615
136 	 615
137 	 615
138 	 609
139 	 609
140 	 609
141 	 609
142 	 609
143 	 609
144 	 609
145 	 609
146 	 609
147 	 609
148 	 609
149 	 609
150 	 609
151 	 609
152 	 609
153 	 609
154 	 609
155 	 599
156 	 587
157 	 587
158 	 587
159 	 587
160 	 587
161 	 587
162 	 587
163 	 587
164 	 587
165 	 587
166 	 587
167 	 587
168 	 587
169 	 587
170 	 587
171 	 587
172 	 587
173 	 587
174 	 587
175 	 587
176 	 587
177 	 587
178 	 587
179 	 587
180 	 587
